<?xml version="1.0" encoding="UTF-8"?>
<testng-results skipped="0" failed="0" ignored="0" total="1" passed="1">
  <reporter-output>
  </reporter-output>
  <suite name="Default suite" duration-ms="43613" started-at="2020-07-11T22:14:19 IST" finished-at="2020-07-11T22:15:03 IST">
    <groups>
    </groups>
    <test name="Default test" duration-ms="43613" started-at="2020-07-11T22:14:19 IST" finished-at="2020-07-11T22:15:03 IST">
      <class name="test.TestProfile">
        <test-method status="PASS" signature="mainMethod()[pri:0, instance:test.TestProfile@2fd66ad3]" name="mainMethod" duration-ms="43559" started-at="2020-07-11T22:14:19 IST" finished-at="2020-07-11T22:15:03 IST">
          <reporter-output>
          </reporter-output>
        </test-method> <!-- mainMethod -->
      </class> <!-- test.TestProfile -->
    </test> <!-- Default test -->
  </suite> <!-- Default suite -->
</testng-results>
