<?xml version="1.0" encoding="UTF-8"?>
<testng-results skipped="0" failed="0" ignored="0" total="1" passed="1">
  <reporter-output>
  </reporter-output>
  <suite name="Default suite" duration-ms="69663" started-at="2020-07-17T17:55:10 IST" finished-at="2020-07-17T17:56:19 IST">
    <groups>
      <group name="cucumber">
        <method signature="AbstractTestNGCucumberTests.feature(cucumber.api.testng.CucumberFeatureWrapper)[pri:0, instance:runner.Runner@4d41cee]" name="feature" class="cucumber.api.testng.AbstractTestNGCucumberTests"/>
      </group> <!-- cucumber -->
    </groups>
    <test name="Default test" duration-ms="69663" started-at="2020-07-17T17:55:10 IST" finished-at="2020-07-17T17:56:19 IST">
      <class name="runner.Runner">
        <test-method status="PASS" signature="setUpClass()[pri:0, instance:runner.Runner@4d41cee]" name="setUpClass" is-config="true" duration-ms="250" started-at="2020-07-17T17:55:10 IST" finished-at="2020-07-17T17:55:10 IST">
          <reporter-output>
          </reporter-output>
        </test-method> <!-- setUpClass -->
        <test-method status="PASS" signature="feature(cucumber.api.testng.CucumberFeatureWrapper)[pri:0, instance:runner.Runner@4d41cee]" name="feature" duration-ms="69264" started-at="2020-07-17T17:55:10 IST" description="Runs Cucumber Feature" data-provider="features" finished-at="2020-07-17T17:56:19 IST">
          <params>
            <param index="0">
              <value>
                <![CDATA[Testing the Login feature of Facebook Application]]>
              </value>
            </param>
          </params>
          <reporter-output>
          </reporter-output>
        </test-method> <!-- feature -->
        <test-method status="PASS" signature="tearDownClass()[pri:0, instance:runner.Runner@4d41cee]" name="tearDownClass" is-config="true" duration-ms="8" started-at="2020-07-17T17:56:19 IST" finished-at="2020-07-17T17:56:19 IST">
          <reporter-output>
          </reporter-output>
        </test-method> <!-- tearDownClass -->
      </class> <!-- runner.Runner -->
    </test> <!-- Default test -->
  </suite> <!-- Default suite -->
</testng-results>
